<?xml version="1.0" encoding="UTF-8"?>
<testsuite name="TraderTest" tests="3" skipped="0" failures="0" errors="0" timestamp="2022-10-03T21:57:38" hostname="ZhangdeMacBook-Air.local" time="0.018">
  <properties/>
  <testcase name="TestEmptyConstructor" classname="TraderTest" time="0.01"/>
  <testcase name="TestAddToWishlist" classname="TraderTest" time="0.006"/>
  <testcase name="TestGetSellingPrice" classname="TraderTest" time="0.001"/>
  <system-out><![CDATA[]]></system-out>
  <system-err><![CDATA[]]></system-err>
</testsuite>
